<?xml version="1.0" encoding="UTF-8"?>
<!-- Generated by org.testng.reporters.JUnitXMLReporter -->
<testsuite ignored="0" hostname="INGURWN110668" failures="1" tests="2" name="Test" time="0.27" errors="0" timestamp="2022-12-23T15:21:00 IST">
  <testcase classname="testCase.TestN" name="WicketKeeper" time="0.09"/>
  <testcase classname="testCase.TestN" name="forignPlayer" time="0.024">
    <failure type="java.lang.AssertionError" message="The following asserts failed:
	Test is fail as we have forign player more than 4">
      <![CDATA[java.lang.AssertionError: The following asserts failed:
Test is fail as we have forign player more than 4
at testCase.TestN.forignPlayer(TestN.java:28)
at java.base/java.util.ArrayList.forEach(ArrayList.java:1511)
... Removed 27 stack frames]]>
    </failure>
  </testcase> <!-- forignPlayer -->
</testsuite> <!-- Test -->
